0 verbose cli /usr/local/bin/node /usr/local/bin/npm
1 info using npm@10.8.2
2 info using node@v20.19.6
3 silly config load:file:/usr/local/lib/node_modules/npm/npmrc
4 silly config load:file:/usr/src/node-red/.npmrc
5 silly config load:file:/usr/local/etc/npmrc
6 verbose title npm install node-red-dashboard
7 verbose argv "install" "node-red-dashboard"
8 verbose logfile logs-max:10 dir:/data/.npm/_logs/2025-12-16T02_03_41_395Z-
9 verbose logfile /data/.npm/_logs/2025-12-16T02_03_41_395Z-debug-0.log
10 silly packumentCache heap:4345298944 maxSize:1086324736 maxEntrySize:543162368
11 silly logfile done cleaning log files
12 silly idealTree buildDeps
13 silly fetch manifest node-red-dashboard@*
14 silly packumentCache full:https://registry.npmjs.org/node-red-dashboard cache-miss
15 http fetch GET 200 https://registry.npmjs.org/npm 511ms
16 http fetch GET 200 https://registry.npmjs.org/node-red-dashboard 188ms (cache miss)
17 silly packumentCache full:https://registry.npmjs.org/node-red-dashboard set size:undefined disposed:false
18 silly placeDep ROOT node-red-dashboard@3.6.6 OK for: node-red-docker@4.1.2 want: *
19 silly fetch manifest gridstack@^0.6.4
20 silly packumentCache full:https://registry.npmjs.org/gridstack cache-miss
21 silly fetch manifest socket.io@^4.8.1
22 silly packumentCache full:https://registry.npmjs.org/socket.io cache-miss
23 silly fetch manifest compression@^1.8.1
24 silly packumentCache full:https://registry.npmjs.org/compression cache-miss
25 http fetch GET 200 https://registry.npmjs.org/socket.io 107ms (cache miss)
26 silly packumentCache full:https://registry.npmjs.org/socket.io set size:undefined disposed:false
27 http fetch GET 200 https://registry.npmjs.org/gridstack 123ms (cache miss)
28 silly packumentCache full:https://registry.npmjs.org/gridstack set size:undefined disposed:false
29 http fetch GET 200 https://registry.npmjs.org/compression 145ms (cache miss)
30 silly packumentCache full:https://registry.npmjs.org/compression set size:undefined disposed:false
31 silly placeDep ROOT compression@1.8.1 OK for: node-red-dashboard@3.6.6 want: ^1.8.1
32 silly placeDep ROOT gridstack@0.6.4 OK for: node-red-dashboard@3.6.6 want: ^0.6.4
33 silly placeDep ROOT socket.io@4.8.1 OK for: node-red-dashboard@3.6.6 want: ^4.8.1
34 silly fetch manifest compressible@~2.0.18
35 silly packumentCache full:https://registry.npmjs.org/compressible cache-miss
36 silly fetch manifest negotiator@~0.6.4
37 silly packumentCache full:https://registry.npmjs.org/negotiator cache-miss
38 silly fetch manifest safe-buffer@5.2.1
39 silly packumentCache full:https://registry.npmjs.org/safe-buffer cache-miss
40 silly fetch manifest jquery@^1.8 || 2 || 3
41 silly packumentCache full:https://registry.npmjs.org/jquery cache-miss
42 silly fetch manifest debug@~4.3.2
43 silly packumentCache full:https://registry.npmjs.org/debug cache-miss
44 silly fetch manifest base64id@~2.0.0
45 silly packumentCache full:https://registry.npmjs.org/base64id cache-miss
46 silly fetch manifest engine.io@~6.6.0
47 silly packumentCache full:https://registry.npmjs.org/engine.io cache-miss
48 silly fetch manifest socket.io-parser@~4.2.4
49 silly packumentCache full:https://registry.npmjs.org/socket.io-parser cache-miss
50 silly fetch manifest socket.io-adapter@~2.5.2
51 silly packumentCache full:https://registry.npmjs.org/socket.io-adapter cache-miss
52 http fetch GET 200 https://registry.npmjs.org/negotiator 49ms (cache miss)
53 silly packumentCache full:https://registry.npmjs.org/negotiator set size:undefined disposed:false
54 http fetch GET 200 https://registry.npmjs.org/compressible 55ms (cache miss)
55 silly packumentCache full:https://registry.npmjs.org/compressible set size:undefined disposed:false
56 http fetch GET 200 https://registry.npmjs.org/safe-buffer 56ms (cache miss)
57 silly packumentCache full:https://registry.npmjs.org/safe-buffer set size:undefined disposed:false
58 http fetch GET 200 https://registry.npmjs.org/base64id 155ms (cache miss)
59 silly packumentCache full:https://registry.npmjs.org/base64id set size:undefined disposed:false
60 http fetch GET 200 https://registry.npmjs.org/jquery 158ms (cache miss)
61 silly packumentCache full:https://registry.npmjs.org/jquery set size:undefined disposed:false
62 http fetch GET 200 https://registry.npmjs.org/socket.io-adapter 189ms (cache miss)
63 silly packumentCache full:https://registry.npmjs.org/socket.io-adapter set size:undefined disposed:false
64 http fetch GET 200 https://registry.npmjs.org/socket.io-parser 193ms (cache miss)
65 silly packumentCache full:https://registry.npmjs.org/socket.io-parser set size:undefined disposed:false
66 http fetch GET 200 https://registry.npmjs.org/debug 203ms (cache miss)
67 silly packumentCache full:https://registry.npmjs.org/debug set size:undefined disposed:false
68 http fetch GET 200 https://registry.npmjs.org/engine.io 217ms (cache miss)
69 silly packumentCache full:https://registry.npmjs.org/engine.io set size:undefined disposed:false
70 silly placeDep ROOT compressible@2.0.18 OK for: compression@1.8.1 want: ~2.0.18
71 silly placeDep node_modules/compression negotiator@0.6.4 OK for: compression@1.8.1 want: ~0.6.4
72 silly placeDep node_modules/compression safe-buffer@5.2.1 OK for: compression@1.8.1 want: 5.2.1
73 silly placeDep ROOT jquery@3.7.1 OK for: gridstack@0.6.4 want: ^1.8 || 2 || 3
74 silly placeDep ROOT base64id@2.0.0 OK for: socket.io@4.8.1 want: ~2.0.0
75 silly placeDep node_modules/socket.io debug@4.3.7 OK for: socket.io@4.8.1 want: ~4.3.2
76 silly placeDep ROOT engine.io@6.6.4 OK for: socket.io@4.8.1 want: ~6.6.0
77 silly placeDep ROOT socket.io-adapter@2.5.5 OK for: socket.io@4.8.1 want: ~2.5.2
78 silly placeDep ROOT socket.io-parser@4.2.4 OK for: socket.io@4.8.1 want: ~4.2.4
79 silly fetch manifest ms@^2.1.3
80 silly packumentCache full:https://registry.npmjs.org/ms cache-miss
81 silly fetch manifest @types/cors@^2.8.12
82 silly packumentCache full:https://registry.npmjs.org/@types%2fcors cache-miss
83 silly fetch manifest debug@~4.3.1
84 silly packumentCache full:https://registry.npmjs.org/debug cache-miss
85 silly fetch manifest engine.io-parser@~5.2.1
86 silly packumentCache full:https://registry.npmjs.org/engine.io-parser cache-miss
87 silly fetch manifest ws@~8.17.1
88 silly packumentCache full:https://registry.npmjs.org/ws cache-miss
89 silly fetch manifest debug@~4.3.4
90 silly packumentCache full:https://registry.npmjs.org/debug cache-miss
91 silly fetch manifest ws@~8.17.1
92 silly packumentCache full:https://registry.npmjs.org/ws cache-miss
93 silly fetch manifest debug@~4.3.1
94 silly packumentCache full:https://registry.npmjs.org/debug cache-miss
95 silly fetch manifest @socket.io/component-emitter@~3.1.0
96 silly packumentCache full:https://registry.npmjs.org/@socket.io%2fcomponent-emitter cache-miss
97 http fetch GET 200 https://registry.npmjs.org/debug 22ms (cache hit)
98 silly packumentCache full:https://registry.npmjs.org/debug set size:195840 disposed:false
99 http fetch GET 200 https://registry.npmjs.org/debug 28ms (cache hit)
100 silly packumentCache full:https://registry.npmjs.org/debug set size:195840 disposed:false
101 silly packumentCache full:https://registry.npmjs.org/debug dispose
102 http fetch GET 200 https://registry.npmjs.org/debug 35ms (cache hit)
103 silly packumentCache full:https://registry.npmjs.org/debug set size:195840 disposed:true
104 silly packumentCache full:https://registry.npmjs.org/debug dispose
105 http fetch GET 200 https://registry.npmjs.org/ms 66ms (cache miss)
106 silly packumentCache full:https://registry.npmjs.org/ms set size:undefined disposed:false
107 http fetch GET 200 https://registry.npmjs.org/engine.io-parser 72ms (cache miss)
108 silly packumentCache full:https://registry.npmjs.org/engine.io-parser set size:undefined disposed:false
109 http fetch GET 200 https://registry.npmjs.org/@types%2fcors 76ms (cache miss)
110 silly packumentCache full:https://registry.npmjs.org/@types%2fcors set size:undefined disposed:false
111 http fetch GET 200 https://registry.npmjs.org/@socket.io%2fcomponent-emitter 76ms (cache miss)
112 silly packumentCache full:https://registry.npmjs.org/@socket.io%2fcomponent-emitter set size:undefined disposed:false
113 http fetch GET 200 https://registry.npmjs.org/ws 83ms (cache miss)
114 silly packumentCache full:https://registry.npmjs.org/ws set size:undefined disposed:false
115 http fetch GET 200 https://registry.npmjs.org/ws 90ms (cache miss)
116 silly packumentCache full:https://registry.npmjs.org/ws set size:undefined disposed:false
117 silly fetch manifest bufferutil@^4.0.1
118 silly packumentCache full:https://registry.npmjs.org/bufferutil cache-miss
119 http fetch GET 200 https://registry.npmjs.org/bufferutil 36ms (cache miss)
120 silly packumentCache full:https://registry.npmjs.org/bufferutil set size:undefined disposed:false
121 silly fetch manifest utf-8-validate@>=5.0.2
122 silly packumentCache full:https://registry.npmjs.org/utf-8-validate cache-miss
123 http fetch GET 200 https://registry.npmjs.org/utf-8-validate 36ms (cache miss)
124 silly packumentCache full:https://registry.npmjs.org/utf-8-validate set size:undefined disposed:false
125 silly placeDep ROOT @types/cors@2.8.19 OK for: engine.io@6.6.4 want: ^2.8.12
126 silly placeDep node_modules/engine.io debug@4.3.7 OK for: engine.io@6.6.4 want: ~4.3.1
127 silly placeDep ROOT engine.io-parser@5.2.3 OK for: engine.io@6.6.4 want: ~5.2.1
128 silly placeDep node_modules/engine.io ws@8.17.1 OK for: engine.io@6.6.4 want: ~8.17.1
129 silly placeDep node_modules/socket.io-adapter debug@4.3.7 OK for: socket.io-adapter@2.5.5 want: ~4.3.4
130 silly placeDep node_modules/socket.io-adapter ws@8.17.1 OK for: socket.io-adapter@2.5.5 want: ~8.17.1
131 silly placeDep ROOT @socket.io/component-emitter@3.1.2 OK for: socket.io-parser@4.2.4 want: ~3.1.0
132 silly placeDep node_modules/socket.io-parser debug@4.3.7 OK for: socket.io-parser@4.2.4 want: ~4.3.1
133 silly placeDep node_modules/engine.io ms@2.1.3 OK for: debug@4.3.7 want: ^2.1.3
134 silly placeDep node_modules/socket.io-adapter ms@2.1.3 OK for: debug@4.3.7 want: ^2.1.3
135 silly placeDep node_modules/socket.io-parser ms@2.1.3 OK for: debug@4.3.7 want: ^2.1.3
136 silly placeDep node_modules/socket.io ms@2.1.3 OK for: debug@4.3.7 want: ^2.1.3
137 silly reify moves {}
138 silly audit bulk request {
138 silly audit   '@babel/runtime': [ '7.28.4' ],
138 silly audit   '@isaacs/fs-minipass': [ '4.0.1' ],
138 silly audit   '@node-red/editor-api': [ '4.1.2' ],
138 silly audit   '@node-red/editor-client': [ '4.1.2' ],
138 silly audit   '@node-red/nodes': [ '4.1.2' ],
138 silly audit   '@node-red/registry': [ '4.1.2' ],
138 silly audit   '@node-red/runtime': [ '4.1.2' ],
138 silly audit   '@node-red/util': [ '4.1.2' ],
138 silly audit   '@node-rs/bcrypt': [ '1.10.7' ],
138 silly audit   '@node-rs/bcrypt-linux-x64-musl': [ '1.10.7' ],
138 silly audit   '@sindresorhus/is': [ '5.6.0' ],
138 silly audit   '@szmarczak/http-timer': [ '5.0.1' ],
138 silly audit   '@types/http-cache-semantics': [ '4.0.4' ],
138 silly audit   '@types/node': [ '24.10.1' ],
138 silly audit   '@types/readable-stream': [ '4.0.22' ],
138 silly audit   '@types/ws': [ '8.18.1' ],
138 silly audit   abbrev: [ '1.1.1' ],
138 silly audit   'abort-controller': [ '3.0.0' ],
138 silly audit   accepts: [ '1.3.8' ],
138 silly audit   acorn: [ '8.15.0' ],
138 silly audit   'acorn-walk': [ '8.3.4' ],
138 silly audit   'agent-base': [ '6.0.2' ],
138 silly audit   debug: [ '4.4.3', '2.6.9', '4.3.7' ],
138 silly audit   ms: [ '2.1.3', '2.0.0' ],
138 silly audit   ajv: [ '8.17.1' ],
138 silly audit   'ansi-colors': [ '4.1.3' ],
138 silly audit   'ansi-regex': [ '5.0.1' ],
138 silly audit   'ansi-styles': [ '4.3.0' ],
138 silly audit   'append-field': [ '1.0.0' ],
138 silly audit   argparse: [ '2.0.1' ],
138 silly audit   'array-flatten': [ '1.1.1' ],
138 silly audit   'async-mutex': [ '0.5.0' ],
138 silly audit   asynckit: [ '0.4.0' ],
138 silly audit   axios: [ '1.12.2' ],
138 silly audit   'base64-js': [ '1.5.1' ],
138 silly audit   'basic-auth': [ '2.0.1' ],
138 silly audit   bcryptjs: [ '3.0.2' ],
138 silly audit   bl: [ '6.1.5' ],
138 silly audit   'body-parser': [ '1.20.3' ],
138 silly audit   'iconv-lite': [ '0.4.24', '0.6.3' ],
138 silly audit   'raw-body': [ '2.5.2', '3.0.0' ],
138 silly audit   boolbase: [ '1.0.0' ],
138 silly audit   buffer: [ '6.0.3' ],
138 silly audit   'buffer-from': [ '1.1.2' ],
138 silly audit   busboy: [ '1.6.0' ],
138 silly audit   bytes: [ '3.1.2' ],
138 silly audit   'cacheable-lookup': [ '7.0.0' ],
138 silly audit   'cacheable-request': [ '10.2.14' ],
138 silly audit   'call-bind-apply-helpers': [ '1.0.2' ],
138 silly audit   'call-bound': [ '1.0.4' ],
138 silly audit   chalk: [ '4.1.2' ],
138 silly audit   cheerio: [ '1.0.0-rc.10' ],
138 silly audit   'cheerio-select': [ '1.6.0' ],
138 silly audit   chownr: [ '3.0.0' ],
138 silly audit   'cli-table': [ '0.3.11' ],
138 silly audit   clone: [ '2.1.2' ],
138 silly audit   'color-convert': [ '2.0.1' ],
138 silly audit   'color-name': [ '1.1.4' ],
138 silly audit   colors: [ '1.0.3' ],
138 silly audit   'combined-stream': [ '1.0.8' ],
138 silly audit   commist: [ '3.2.0' ],
138 silly audit   'concat-stream': [ '2.0.0' ],
138 silly audit   'readable-stream': [ '3.6.2', '4.7.0' ],
138 silly audit   'content-disposition': [ '0.5.4' ],
138 silly audit   'safe-buffer': [ '5.2.1', '5.1.2' ],
138 silly audit   'content-type': [ '1.0.5' ],
138 silly audit   cookie: [ '0.7.2' ],
138 silly audit   'cookie-parser': [ '1.4.7' ],
138 silly audit   'cookie-signature': [ '1.0.6', '1.0.7' ],
138 silly audit   cors: [ '2.8.5' ],
138 silly audit   cronosjs: [ '1.7.1' ],
138 silly audit   'css-select': [ '4.3.0' ],
138 silly audit   'css-what': [ '6.2.2' ],
138 silly audit   'decompress-response': [ '6.0.0' ],
138 silly audit   'mimic-response': [ '3.1.0', '4.0.0' ],
138 silly audit   'defer-to-connect': [ '2.0.1' ],
138 silly audit   'delayed-stream': [ '1.0.0' ],
138 silly audit   denque: [ '2.1.0' ],
138 silly audit   depd: [ '2.0.0' ],
138 silly audit   destroy: [ '1.2.0' ],
138 silly audit   'dom-serializer': [ '1.4.1' ],
138 silly audit   domelementtype: [ '2.3.0' ],
138 silly audit   domhandler: [ '4.3.1' ],
138 silly audit   domutils: [ '2.8.0' ],
138 silly audit   'dunder-proto': [ '1.0.1' ],
138 silly audit   'ee-first': [ '1.1.1' ],
138 silly audit   encodeurl: [ '2.0.0', '1.0.2' ],
138 silly audit   enquirer: [ '2.4.1' ],
138 silly audit   entities: [ '2.2.0' ],
138 silly audit   'es-define-property': [ '1.0.1' ],
138 silly audit   'es-errors': [ '1.3.0' ],
138 silly audit   'es-object-atoms': [ '1.1.1' ],
138 silly audit   'es-set-tostringtag': [ '2.1.0' ],
138 silly audit   'escape-html': [ '1.0.3' ],
138 silly audit   etag: [ '1.8.1' ],
138 silly audit   'event-target-shim': [ '5.0.1' ],
138 silly audit   events: [ '3.3.0' ],
138 silly audit   express: [ '4.22.1' ],
138 silly audit   qs: [ '6.14.0', '6.13.0' ],
138 silly audit   'express-session': [ '1.18.2' ],
138 silly audit   'fast-deep-equal': [ '3.1.3' ],
138 silly audit   'fast-unique-numbers': [ '8.0.13' ],
138 silly audit   'fast-uri': [ '3.1.0' ],
138 silly audit   finalhandler: [ '1.3.2' ],
138 silly audit   'follow-redirects': [ '1.15.11' ],
138 silly audit   'form-data': [ '4.0.4' ],
138 silly audit   'form-data-encoder': [ '2.1.4' ],
138 silly audit   forwarded: [ '0.2.0' ],
138 silly audit   fresh: [ '0.5.2' ],
138 silly audit   'fs-extra': [ '11.3.0' ],
138 silly audit   'function-bind': [ '1.1.2' ],
138 silly audit   'get-intrinsic': [ '1.3.0' ],
138 silly audit   'get-proto': [ '1.0.1' ],
138 silly audit   'get-stream': [ '6.0.1' ],
138 silly audit   gopd: [ '1.2.0' ],
138 silly audit   got: [ '12.6.1' ],
138 silly audit   'graceful-fs': [ '4.2.11' ],
138 silly audit   'has-flag': [ '4.0.0' ],
138 silly audit   'has-symbols': [ '1.1.0' ],
138 silly audit   'has-tostringtag': [ '1.0.2' ],
138 silly audit   'hash-sum': [ '2.0.0' ],
138 silly audit   hasown: [ '2.0.2' ],
138 silly audit   'help-me': [ '5.0.0' ],
138 silly audit   hpagent: [ '1.2.0' ],
138 silly audit   htmlparser2: [ '6.1.0' ],
138 silly audit   'http-cache-semantics': [ '4.2.0' ],
138 silly audit   'http-errors': [ '2.0.0' ],
138 silly audit   statuses: [ '2.0.1', '2.0.2' ],
138 silly audit   'http2-wrapper': [ '2.2.1' ],
138 silly audit   'https-proxy-agent': [ '5.0.1' ],
138 silly audit   i18next: [ '24.2.3' ],
138 silly audit   ieee754: [ '1.2.1' ],
138 silly audit   inherits: [ '2.0.4' ],
138 silly audit   'ip-address': [ '10.1.0' ],
138 silly audit   'ipaddr.js': [ '1.9.1' ],
138 silly audit   'is-utf8': [ '0.2.1' ],
138 silly audit   'js-sdsl': [ '4.3.0' ],
138 silly audit   'js-yaml': [ '4.1.1' ],
138 silly audit   'json-buffer': [ '3.0.1' ],
138 silly audit   'json-schema-traverse': [ '1.0.0' ],
138 silly audit   'json-stringify-safe': [ '5.0.1' ],
138 silly audit   jsonata: [ '2.0.6' ],
138 silly audit   jsonfile: [ '6.2.0' ],
138 silly audit   keyv: [ '4.5.4' ],
138 silly audit   'lodash.clonedeep': [ '4.5.0' ],
138 silly audit   'lowercase-keys': [ '3.0.0' ],
138 silly audit   'lru-cache': [ '4.1.5', '10.4.3' ],
138 silly audit   'math-intrinsics': [ '1.1.0' ],
138 silly audit   'media-typer': [ '1.1.0', '0.3.0' ],
138 silly audit   memorystore: [ '1.6.7' ],
138 silly audit   'merge-descriptors': [ '1.0.3' ],
138 silly audit   methods: [ '1.1.2' ],
138 silly audit   mime: [ '3.0.0', '1.6.0' ],
138 silly audit   'mime-db': [ '1.52.0' ],
138 silly audit   'mime-types': [ '2.1.35' ],
138 silly audit   minimist: [ '1.2.8' ],
138 silly audit   minipass: [ '7.1.2' ],
138 silly audit   minizlib: [ '3.1.0' ],
138 silly audit   mkdirp: [ '0.5.6', '3.0.1' ],
138 silly audit   moment: [ '2.30.1' ],
138 silly audit   'moment-timezone': [ '0.5.48' ],
138 silly audit   mqtt: [ '5.11.0' ],
138 silly audit   ws: [ '8.18.3', '7.5.10', '8.17.1' ],
138 silly audit   'mqtt-packet': [ '9.0.2' ],
138 silly audit   multer: [ '2.0.2' ],
138 silly audit   mustache: [ '4.2.0' ],
138 silly audit   'mute-stream': [ '1.0.0' ],
138 silly audit   negotiator: [ '0.6.3', '0.6.4' ],
138 silly audit   'node-red': [ '4.1.2' ],
138 silly audit   'node-red-admin': [ '4.1.2' ],
138 silly audit   'node-watch': [ '0.7.4' ],
138 silly audit   nopt: [ '5.0.0' ],
138 silly audit   'normalize-url': [ '8.1.0' ],
138 silly audit   'nth-check': [ '2.1.1' ],
138 silly audit   'number-allocator': [ '1.0.14' ],
138 silly audit   oauth2orize: [ '1.12.0' ],
138 silly audit   'object-assign': [ '4.1.1' ],
138 silly audit   'object-inspect': [ '1.13.4' ],
138 silly audit   'on-finished': [ '2.4.1' ],
138 silly audit   'on-headers': [ '1.1.0' ],
138 silly audit   'p-cancelable': [ '3.0.0' ],
138 silly audit   parse5: [ '6.0.1' ],
138 silly audit   'parse5-htmlparser2-tree-adapter': [ '6.0.1' ],
138 silly audit   parseurl: [ '1.3.3' ],
138 silly audit   passport: [ '0.7.0' ],
138 silly audit   'passport-http-bearer': [ '1.0.1' ],
138 silly audit   'passport-oauth2-client-password': [ '0.1.2' ],
138 silly audit   'passport-strategy': [ '1.0.0' ],
138 silly audit   'path-to-regexp': [ '0.1.12' ],
138 silly audit   pause: [ '0.0.1' ],
138 silly audit   process: [ '0.11.10' ],
138 silly audit   'process-nextick-args': [ '2.0.1' ],
138 silly audit   'proxy-addr': [ '2.0.7' ],
138 silly audit   'proxy-from-env': [ '1.1.0' ],
138 silly audit   pseudomap: [ '1.0.2' ],
138 silly audit   'quick-lru': [ '5.1.1' ],
138 silly audit   'random-bytes': [ '1.0.0' ],
138 silly audit   'range-parser': [ '1.2.1' ],
138 silly audit   read: [ '3.0.1' ],
138 silly audit   reinterval: [ '1.1.0' ],
138 silly audit   'require-from-string': [ '2.0.2' ],
138 silly audit   'resolve-alpn': [ '1.2.1' ],
138 silly audit   responselike: [ '3.0.0' ],
138 silly audit   rfdc: [ '1.4.1' ],
138 silly audit   'safer-buffer': [ '2.1.2' ],
138 silly audit   sax: [ '1.4.3' ],
138 silly audit   semver: [ '7.7.1' ],
138 silly audit   send: [ '0.19.1', '0.19.0' ],
138 silly audit   'serve-static': [ '1.16.2' ],
138 silly audit   setprototypeof: [ '1.2.0' ],
138 silly audit   'side-channel': [ '1.1.0' ],
138 silly audit   'side-channel-list': [ '1.0.0' ],
138 silly audit   'side-channel-map': [ '1.0.1' ],
138 silly audit   'side-channel-weakmap': [ '1.0.2' ],
138 silly audit   'smart-buffer': [ '4.2.0' ],
138 silly audit   socks: [ '2.8.7' ],
138 silly audit   split2: [ '4.2.0' ],
138 silly audit   streamsearch: [ '1.1.0' ],
138 silly audit   string_decoder: [ '1.3.0' ],
138 silly audit   'strip-ansi': [ '6.0.1' ],
138 silly audit   'supports-color': [ '7.2.0' ],
138 silly audit   tar: [ '7.4.3' ],
138 silly audit   yallist: [ '5.0.0', '2.1.2' ],
138 silly audit   tldts: [ '6.1.86' ],
138 silly audit   'tldts-core': [ '6.1.86' ],
138 silly audit   toidentifier: [ '1.0.1' ],
138 silly audit   'tough-cookie': [ '5.1.2' ],
138 silly audit   tslib: [ '2.8.1' ],
138 silly audit   'type-is': [ '1.6.18' ],
138 silly audit   typedarray: [ '0.0.6' ],
138 silly audit   'uglify-js': [ '3.19.3' ],
138 silly audit   'uid-safe': [ '2.1.5' ],
138 silly audit   uid2: [ '0.0.4' ],
138 silly audit   'undici-types': [ '7.16.0' ],
138 silly audit   universalify: [ '2.0.1' ],
138 silly audit   unpipe: [ '1.0.0' ],
138 silly audit   'util-deprecate': [ '1.0.2' ],
138 silly audit   'utils-merge': [ '1.0.1' ],
138 silly audit   uuid: [ '9.0.1' ],
138 silly audit   vary: [ '1.1.2' ],
138 silly audit   'worker-timers': [ '7.1.8' ],
138 silly audit   'worker-timers-broker': [ '6.1.8' ],
138 silly audit   'worker-timers-worker': [ '7.0.71' ],
138 silly audit   xml2js: [ '0.6.2' ],
138 silly audit   xmlbuilder: [ '11.0.1' ],
138 silly audit   xtend: [ '4.0.2' ],
138 silly audit   'node-red-dashboard': [ '3.6.6' ],
138 silly audit   compression: [ '1.8.1' ],
138 silly audit   gridstack: [ '0.6.4' ],
138 silly audit   'socket.io': [ '4.8.1' ],
138 silly audit   compressible: [ '2.0.18' ],
138 silly audit   jquery: [ '3.7.1' ],
138 silly audit   base64id: [ '2.0.0' ],
138 silly audit   'engine.io': [ '6.6.4' ],
138 silly audit   'socket.io-adapter': [ '2.5.5' ],
138 silly audit   'socket.io-parser': [ '4.2.4' ],
138 silly audit   '@types/cors': [ '2.8.19' ],
138 silly audit   'engine.io-parser': [ '5.2.3' ],
138 silly audit   '@socket.io/component-emitter': [ '3.1.2' ]
138 silly audit }
139 silly tarball no local data for @socket.io/component-emitter@https://registry.npmjs.org/@socket.io/component-emitter/-/component-emitter-3.1.2.tgz. Extracting by manifest.
140 silly tarball no local data for engine.io-parser@https://registry.npmjs.org/engine.io-parser/-/engine.io-parser-5.2.3.tgz. Extracting by manifest.
141 silly tarball no local data for socket.io-adapter@https://registry.npmjs.org/socket.io-adapter/-/socket.io-adapter-2.5.5.tgz. Extracting by manifest.
142 silly tarball no local data for engine.io@https://registry.npmjs.org/engine.io/-/engine.io-6.6.4.tgz. Extracting by manifest.
143 silly tarball no local data for @types/cors@https://registry.npmjs.org/@types/cors/-/cors-2.8.19.tgz. Extracting by manifest.
144 silly tarball no local data for socket.io-parser@https://registry.npmjs.org/socket.io-parser/-/socket.io-parser-4.2.4.tgz. Extracting by manifest.
145 silly tarball no local data for base64id@https://registry.npmjs.org/base64id/-/base64id-2.0.0.tgz. Extracting by manifest.
146 silly tarball no local data for jquery@https://registry.npmjs.org/jquery/-/jquery-3.7.1.tgz. Extracting by manifest.
147 silly tarball no local data for socket.io@https://registry.npmjs.org/socket.io/-/socket.io-4.8.1.tgz. Extracting by manifest.
148 silly tarball no local data for compressible@https://registry.npmjs.org/compressible/-/compressible-2.0.18.tgz. Extracting by manifest.
149 silly tarball no local data for gridstack@https://registry.npmjs.org/gridstack/-/gridstack-0.6.4.tgz. Extracting by manifest.
150 silly tarball no local data for compression@https://registry.npmjs.org/compression/-/compression-1.8.1.tgz. Extracting by manifest.
151 silly tarball no local data for node-red-dashboard@https://registry.npmjs.org/node-red-dashboard/-/node-red-dashboard-3.6.6.tgz. Extracting by manifest.
152 silly tarball no local data for ms@https://registry.npmjs.org/ms/-/ms-2.1.3.tgz. Extracting by manifest.
153 silly tarball no local data for debug@https://registry.npmjs.org/debug/-/debug-4.3.7.tgz. Extracting by manifest.
154 silly tarball no local data for ms@https://registry.npmjs.org/ms/-/ms-2.1.3.tgz. Extracting by manifest.
155 silly tarball no local data for ws@https://registry.npmjs.org/ws/-/ws-8.17.1.tgz. Extracting by manifest.
156 silly tarball no local data for ms@https://registry.npmjs.org/ms/-/ms-2.1.3.tgz. Extracting by manifest.
157 silly tarball no local data for debug@https://registry.npmjs.org/debug/-/debug-4.3.7.tgz. Extracting by manifest.
158 silly tarball no local data for ws@https://registry.npmjs.org/ws/-/ws-8.17.1.tgz. Extracting by manifest.
159 silly tarball no local data for debug@https://registry.npmjs.org/debug/-/debug-4.3.7.tgz. Extracting by manifest.
160 silly tarball no local data for ms@https://registry.npmjs.org/ms/-/ms-2.1.3.tgz. Extracting by manifest.
161 silly tarball no local data for debug@https://registry.npmjs.org/debug/-/debug-4.3.7.tgz. Extracting by manifest.
162 silly tarball no local data for safe-buffer@https://registry.npmjs.org/safe-buffer/-/safe-buffer-5.2.1.tgz. Extracting by manifest.
163 silly tarball no local data for negotiator@https://registry.npmjs.org/negotiator/-/negotiator-0.6.4.tgz. Extracting by manifest.
164 http fetch POST 200 https://registry.npmjs.org/-/npm/v1/security/advisories/bulk 253ms
165 silly audit report {}
166 http fetch GET 200 https://registry.npmjs.org/@types/cors/-/cors-2.8.19.tgz 234ms (cache miss)
167 http fetch GET 200 https://registry.npmjs.org/ms/-/ms-2.1.3.tgz 222ms (cache miss)
168 http fetch GET 200 https://registry.npmjs.org/socket.io-adapter/-/socket.io-adapter-2.5.5.tgz 240ms (cache miss)
169 http fetch GET 200 https://registry.npmjs.org/@socket.io/component-emitter/-/component-emitter-3.1.2.tgz 242ms (cache miss)
170 http fetch GET 200 https://registry.npmjs.org/base64id/-/base64id-2.0.0.tgz 238ms (cache miss)
171 http fetch GET 200 https://registry.npmjs.org/debug/-/debug-4.3.7.tgz 228ms (cache miss)
172 http fetch GET 200 https://registry.npmjs.org/ms/-/ms-2.1.3.tgz 234ms (cache miss)
173 http fetch GET 200 https://registry.npmjs.org/ms/-/ms-2.1.3.tgz 232ms (cache miss)
174 http fetch GET 200 https://registry.npmjs.org/debug/-/debug-4.3.7.tgz 234ms (cache miss)
175 http fetch GET 200 https://registry.npmjs.org/debug/-/debug-4.3.7.tgz 241ms (cache miss)
176 http fetch GET 200 https://registry.npmjs.org/debug/-/debug-4.3.7.tgz 238ms (cache miss)
177 http fetch GET 200 https://registry.npmjs.org/safe-buffer/-/safe-buffer-5.2.1.tgz 237ms (cache miss)
178 http fetch GET 200 https://registry.npmjs.org/negotiator/-/negotiator-0.6.4.tgz 238ms (cache miss)
179 http fetch GET 200 https://registry.npmjs.org/ms/-/ms-2.1.3.tgz 254ms (cache miss)
180 http fetch GET 200 https://registry.npmjs.org/compressible/-/compressible-2.0.18.tgz 261ms (cache miss)
181 http fetch GET 200 https://registry.npmjs.org/compression/-/compression-1.8.1.tgz 272ms (cache miss)
182 http fetch GET 200 https://registry.npmjs.org/socket.io-parser/-/socket.io-parser-4.2.4.tgz 283ms (cache miss)
183 http fetch GET 200 https://registry.npmjs.org/ws/-/ws-8.17.1.tgz 280ms (cache miss)
184 http fetch GET 200 https://registry.npmjs.org/ws/-/ws-8.17.1.tgz 285ms (cache miss)
185 http fetch GET 200 https://registry.npmjs.org/engine.io-parser/-/engine.io-parser-5.2.3.tgz 302ms (cache miss)
186 http fetch GET 200 https://registry.npmjs.org/engine.io/-/engine.io-6.6.4.tgz 309ms (cache miss)
187 http fetch GET 200 https://registry.npmjs.org/gridstack/-/gridstack-0.6.4.tgz 360ms (cache miss)
188 http fetch GET 200 https://registry.npmjs.org/socket.io/-/socket.io-4.8.1.tgz 384ms (cache miss)
189 http fetch GET 200 https://registry.npmjs.org/jquery/-/jquery-3.7.1.tgz 413ms (cache miss)
190 http fetch GET 200 https://registry.npmjs.org/node-red-dashboard/-/node-red-dashboard-3.6.6.tgz 447ms (cache miss)
191 warn deprecated node-red-dashboard@3.6.6: No longer maintained - please look at alternatives such as @flowfuse/node-red-dashboard or node-red-contrib-uibuilder
192 info run node-red-dashboard@3.6.6 postinstall node_modules/node-red-dashboard node fixgrid.js
193 info run node-red-dashboard@3.6.6 postinstall { code: 0, signal: null }
194 silly ADD node_modules/@socket.io/component-emitter
195 silly ADD node_modules/engine.io-parser
196 silly ADD node_modules/@types/cors
197 silly ADD node_modules/socket.io-parser
198 silly ADD node_modules/socket.io-parser/node_modules/ms
199 silly ADD node_modules/socket.io-parser/node_modules/debug
200 silly ADD node_modules/socket.io-adapter
201 silly ADD node_modules/socket.io-adapter/node_modules/ms
202 silly ADD node_modules/socket.io-adapter/node_modules/ws
203 silly ADD node_modules/socket.io-adapter/node_modules/debug
204 silly ADD node_modules/engine.io
205 silly ADD node_modules/engine.io/node_modules/ms
206 silly ADD node_modules/engine.io/node_modules/ws
207 silly ADD node_modules/engine.io/node_modules/debug
208 silly ADD node_modules/base64id
209 silly ADD node_modules/jquery
210 silly ADD node_modules/compressible
211 silly ADD node_modules/socket.io
212 silly ADD node_modules/socket.io/node_modules/ms
213 silly ADD node_modules/socket.io/node_modules/debug
214 silly ADD node_modules/gridstack
215 silly ADD node_modules/compression
216 silly ADD node_modules/compression/node_modules/safe-buffer
217 silly ADD node_modules/compression/node_modules/negotiator
218 silly ADD node_modules/node-red-dashboard
219 verbose cwd /usr/src/node-red
220 verbose os Linux 6.14.0-37-generic
221 verbose node v20.19.6
222 verbose npm  v10.8.2
223 notice
223 notice New major version of npm available! 10.8.2 -> 11.7.0
223 notice Changelog: https://github.com/npm/cli/releases/tag/v11.7.0
223 notice To update run: npm install -g npm@11.7.0
223 notice  { force: true, [Symbol(proc-log.meta)]: true }
224 verbose exit 0
225 info ok
